Using pre-set license
Built from '2020.3/staging' branch; Version is '2020.3.8f1 (507919d4fff5) revision 5273881'; Using compiler version '192528614'; Build Type 'Release'
OS: 'Windows 10 Enterprise; OS build 18363.2037; Version 1909; 64bit' Language: 'ko' Physical Memory: 8144 MB
BatchMode: 1, IsHumanControllingUs: 0, StartBugReporterOnCrash: 0, Is64bit: 1, IsPro: 0

 COMMAND LINE ARGUMENTS:
D:\unity\Editor\Unity.exe
-adb2
-batchMode
-noUpm
-name
AssetImportWorker0
-projectPath
C:/Users/홍범선/Documents/GitHub/Remaster_Unity3D_RunningGame
-logFile
Logs/AssetImportWorker0.log
-srvPort
65355
Successfully changed project path to: C:/Users/홍범선/Documents/GitHub/Remaster_Unity3D_RunningGame
C:/Users/홍범선/Documents/GitHub/Remaster_Unity3D_RunningGame
Using Asset Import Pipeline V2.
Refreshing native plugins compatible for Editor in 146.96 ms, found 0 plugins.
Preloading 0 native plugins for Editor in 0.00 ms.
Initialize engine version: 2020.3.8f1 (507919d4fff5)
[Subsystems] Discovering subsystems at path D:/unity/Editor/Data/Resources/UnitySubsystems
[Subsystems] Discovering subsystems at path C:/Users/홍범선/Documents/GitHub/Remaster_Unity3D_RunningGame/Assets
GfxDevice: creating device client; threaded=0
Direct3D:
    Version:  Direct3D 11.0 [level 11.0]
    Renderer: NVIDIA GeForce GTX 750 Ti (ID=0x1380)
    Vendor:   
    VRAM:     2007 MB
    Driver:   27.21.14.5730
Initialize mono
Mono path[0] = 'D:/unity/Editor/Data/Managed'
Mono path[1] = 'D:/unity/Editor/Data/MonoBleedingEdge/lib/mono/unityjit'
Mono config path = 'D:/unity/Editor/Data/MonoBleedingEdge/etc'
Using monoOptions --debugger-agent=transport=dt_socket,embedding=1,server=y,suspend=n,address=127.0.0.1:56380
Begin MonoManager ReloadAssembly
Registering precompiled unity dll's ...
Register platform support module: D:/unity/Editor/Data/PlaybackEngines/WindowsStandaloneSupport/UnityEditor.WindowsStandalone.Extensions.dll
Registered in 0.001662 seconds.
Native extension for WindowsStandalone target not found
Refreshing native plugins compatible for Editor in 41.48 ms, found 0 plugins.
Preloading 0 native plugins for Editor in 0.00 ms.
Mono: successfully reloaded assembly
- Completed reload, in  1.257 seconds
Platform modules already initialized, skipping
Registering precompiled user dll's ...
Registered in 0.002232 seconds.
Begin MonoManager ReloadAssembly
Native extension for WindowsStandalone target not found
Refreshing native plugins compatible for Editor in 0.32 ms, found 0 plugins.
Preloading 0 native plugins for Editor in 0.00 ms.
Mono: successfully reloaded assembly
- Completed reload, in  1.161 seconds
Platform modules already initialized, skipping
========================================================================
Worker process is ready to serve import requests
Launched and connected shader compiler UnityShaderCompiler.exe after 0.10 seconds
Refreshing native plugins compatible for Editor in 0.43 ms, found 0 plugins.
Preloading 0 native plugins for Editor in 0.00 ms.
Unloading 1172 Unused Serialized files (Serialized files now loaded: 0)
System memory in use before: 101.8 MB.
System memory in use after: 101.9 MB.

Unloading 9 unused Assets to reduce memory usage. Loaded Objects now: 1658.
Total: 2.094200 ms (FindLiveObjects: 0.209400 ms CreateObjectMapping: 0.048200 ms MarkObjects: 1.558100 ms  DeleteObjects: 0.277300 ms)

========================================================================
Received Import Request.
  path: Assets/Scenes/Round2.unity
  artifactKey: Guid(7f01ee2d03d39884dafdbd7e0e307e97) Importer(815301076,1909f56bfc062723c751e8b465ee728b)
Start importing Assets/Scenes/Round2.unity using Guid(7f01ee2d03d39884dafdbd7e0e307e97) Importer(815301076,1909f56bfc062723c751e8b465ee728b)  -> (artifact id: '4499269b86bb7644da87a710dfa86615') in 0.045340 seconds
  Import took 0.048586 seconds .

========================================================================
Received Prepare
Registering precompiled user dll's ...
Registered in 0.002173 seconds.
Begin MonoManager ReloadAssembly
Native extension for WindowsStandalone target not found
Refreshing native plugins compatible for Editor in 0.35 ms, found 0 plugins.
Preloading 0 native plugins for Editor in 0.00 ms.
Mono: successfully reloaded assembly
- Completed reload, in  1.135 seconds
Platform modules already initialized, skipping
Refreshing native plugins compatible for Editor in 0.43 ms, found 0 plugins.
Preloading 0 native plugins for Editor in 0.00 ms.
Unloading 1154 Unused Serialized files (Serialized files now loaded: 0)
System memory in use before: 100.4 MB.
System memory in use after: 100.5 MB.

Unloading 4 unused Assets to reduce memory usage. Loaded Objects now: 1661.
Total: 2.118600 ms (FindLiveObjects: 0.155500 ms CreateObjectMapping: 0.044600 ms MarkObjects: 1.899200 ms  DeleteObjects: 0.018300 ms)

========================================================================
Received Import Request.
  Time since last request: 1141.236552 seconds.
  path: Assets/AssetsStore/R1_DungeonTraps/Trap/Prefab
  artifactKey: Guid(09a9468e7e6332b42a1641407598cd6f) Importer(815301076,1909f56bfc062723c751e8b465ee728b)
Start importing Assets/AssetsStore/R1_DungeonTraps/Trap/Prefab using Guid(09a9468e7e6332b42a1641407598cd6f) Importer(815301076,1909f56bfc062723c751e8b465ee728b)  -> (artifact id: '16e9d9ab02320552d3fd2fa4b3248c9e') in 0.031644 seconds
  Import took 0.036436 seconds .

========================================================================
Received Import Request.
  Time since last request: 0.000824 seconds.
  path: Assets/AssetsStore/R1_DungeonTraps/Trap/Prefab
  artifactKey: Guid(09a9468e7e6332b42a1641407598cd6f) Importer(815301076,1909f56bfc062723c751e8b465ee728b)
Start importing Assets/AssetsStore/R1_DungeonTraps/Trap/Prefab using Guid(09a9468e7e6332b42a1641407598cd6f) Importer(815301076,1909f56bfc062723c751e8b465ee728b)  -> (artifact id: '16e9d9ab02320552d3fd2fa4b3248c9e') in 0.006241 seconds
  Import took 0.009701 seconds .

========================================================================
Received Import Request.
  Time since last request: 0.030461 seconds.
  path: Assets/AssetsStore/R1_DungeonTraps/Trap/Prefab/Pf_AxeTrap.prefab
  artifactKey: Guid(2a6a1016b6a7de34889e991f0126ce38) Importer(815301076,1909f56bfc062723c751e8b465ee728b)
Start importing Assets/AssetsStore/R1_DungeonTraps/Trap/Prefab/Pf_AxeTrap.prefab using Guid(2a6a1016b6a7de34889e991f0126ce38) Importer(815301076,1909f56bfc062723c751e8b465ee728b)  -> (artifact id: 'b3cf9d18f37faa3189df353fd2ea61cb') in 0.334711 seconds
  Import took 0.338869 seconds .

========================================================================
Received Import Request.
  Time since last request: 0.000523 seconds.
  path: Assets/AssetsStore/R1_DungeonTraps/Trap/Prefab/Pf_SawTrap01.prefab
  artifactKey: Guid(a5939b4c5392ebf4cad04ece1aa33190) Importer(815301076,1909f56bfc062723c751e8b465ee728b)
Start importing Assets/AssetsStore/R1_DungeonTraps/Trap/Prefab/Pf_SawTrap01.prefab using Guid(a5939b4c5392ebf4cad04ece1aa33190) Importer(815301076,1909f56bfc062723c751e8b465ee728b)  -> (artifact id: '1788b36cbae5671f789887c61a69b6bd') in 0.043950 seconds
  Import took 0.046570 seconds .

========================================================================
Received Import Request.
  Time since last request: 0.000328 seconds.
  path: Assets/AssetsStore/R1_DungeonTraps/Trap/Prefab/Pf_Trap_Fire.prefab
  artifactKey: Guid(c8dc2031dea625e46a42a7c1688cf26d) Importer(815301076,1909f56bfc062723c751e8b465ee728b)
Start importing Assets/AssetsStore/R1_DungeonTraps/Trap/Prefab/Pf_Trap_Fire.prefab using Guid(c8dc2031dea625e46a42a7c1688cf26d) Importer(815301076,1909f56bfc062723c751e8b465ee728b)  -> (artifact id: '0e0ec398cba134ce54f2eb9d2d466ff8') in 0.173260 seconds
  Import took 0.177134 seconds .

========================================================================
Received Import Request.
  Time since last request: 0.000374 seconds.
  path: Assets/AssetsStore/R1_DungeonTraps/Trap/Prefab/Pf_BladeTrap.prefab
  artifactKey: Guid(d5d36540320e5c04487d3779141d6971) Importer(815301076,1909f56bfc062723c751e8b465ee728b)
Start importing Assets/AssetsStore/R1_DungeonTraps/Trap/Prefab/Pf_BladeTrap.prefab using Guid(d5d36540320e5c04487d3779141d6971) Importer(815301076,1909f56bfc062723c751e8b465ee728b)  -> (artifact id: '7f326b22f3b4fc5c93e3378e0910c4c6') in 0.026371 seconds
  Import took 0.030017 seconds .

========================================================================
Received Import Request.
  Time since last request: 0.000338 seconds.
  path: Assets/AssetsStore/R1_DungeonTraps/Trap/Prefab/Pf_Shuriken01.prefab
  artifactKey: Guid(eb8dff7252c175247a45389403b9ddf4) Importer(815301076,1909f56bfc062723c751e8b465ee728b)
Start importing Assets/AssetsStore/R1_DungeonTraps/Trap/Prefab/Pf_Shuriken01.prefab using Guid(eb8dff7252c175247a45389403b9ddf4) Importer(815301076,1909f56bfc062723c751e8b465ee728b)  -> (artifact id: 'df27c4460d4c47f632912940ec256347') in 0.034340 seconds
  Import took 0.038545 seconds .

========================================================================
Received Import Request.
  Time since last request: 0.000470 seconds.
  path: Assets/AssetsStore/R1_DungeonTraps/Trap/Prefab/Pf_BladeTrap.prefab
  artifactKey: Guid(d5d36540320e5c04487d3779141d6971) Importer(815301076,1909f56bfc062723c751e8b465ee728b)
Start importing Assets/AssetsStore/R1_DungeonTraps/Trap/Prefab/Pf_BladeTrap.prefab using Guid(d5d36540320e5c04487d3779141d6971) Importer(815301076,1909f56bfc062723c751e8b465ee728b)  -> (artifact id: '7f326b22f3b4fc5c93e3378e0910c4c6') in 0.017632 seconds
  Import took 0.020869 seconds .

========================================================================
Received Import Request.
  Time since last request: 0.000367 seconds.
  path: Assets/AssetsStore/R1_DungeonTraps/Trap/Prefab/Pf_SpearTrap.prefab
  artifactKey: Guid(427e851e8ea40af4a9c14a042a3f35ef) Importer(815301076,1909f56bfc062723c751e8b465ee728b)
Start importing Assets/AssetsStore/R1_DungeonTraps/Trap/Prefab/Pf_SpearTrap.prefab using Guid(427e851e8ea40af4a9c14a042a3f35ef) Importer(815301076,1909f56bfc062723c751e8b465ee728b)  -> (artifact id: '22f7db94e8828a698cdde4b465dcaef2') in 0.025978 seconds
  Import took 0.030024 seconds .

========================================================================
Received Import Request.
  Time since last request: 0.000301 seconds.
  path: Assets/AssetsStore/R1_DungeonTraps/Trap/Prefab/Pf_Shuriken02.prefab
  artifactKey: Guid(4aa96aab3ae68a9419ef081a62b461d1) Importer(815301076,1909f56bfc062723c751e8b465ee728b)
Start importing Assets/AssetsStore/R1_DungeonTraps/Trap/Prefab/Pf_Shuriken02.prefab using Guid(4aa96aab3ae68a9419ef081a62b461d1) Importer(815301076,1909f56bfc062723c751e8b465ee728b)  -> (artifact id: 'fe47a5af39a4dcc7f0359d3d9bcdc5e2') in 0.020301 seconds
  Import took 0.023688 seconds .

========================================================================
Received Import Request.
  Time since last request: 0.000375 seconds.
  path: Assets/AssetsStore/R1_DungeonTraps/Trap/Prefab/Pf_HammerTrap.prefab
  artifactKey: Guid(f72a59c09a71ed64381535a24991d8b6) Importer(815301076,1909f56bfc062723c751e8b465ee728b)
Start importing Assets/AssetsStore/R1_DungeonTraps/Trap/Prefab/Pf_HammerTrap.prefab using Guid(f72a59c09a71ed64381535a24991d8b6) Importer(815301076,1909f56bfc062723c751e8b465ee728b)  -> (artifact id: '885f0c3ea4babdbfe1785392d6d85028') in 0.026929 seconds
  Import took 0.031015 seconds .

========================================================================
Received Import Request.
  Time since last request: 0.000280 seconds.
  path: Assets/AssetsStore/R1_DungeonTraps/Trap/Prefab/Pf_SawTrap02.prefab
  artifactKey: Guid(04c11f75ea6385a4eb9f4f260aba0402) Importer(815301076,1909f56bfc062723c751e8b465ee728b)
Start importing Assets/AssetsStore/R1_DungeonTraps/Trap/Prefab/Pf_SawTrap02.prefab using Guid(04c11f75ea6385a4eb9f4f260aba0402) Importer(815301076,1909f56bfc062723c751e8b465ee728b)  -> (artifact id: 'd7c44c8bae49de1b11b34c70af20484a') in 0.028508 seconds
  Import took 0.031983 seconds .

========================================================================
Received Import Request.
  Time since last request: 0.000300 seconds.
  path: Assets/AssetsStore/R1_DungeonTraps/Trap/Prefab/Pf_HammerTrap.prefab
  artifactKey: Guid(f72a59c09a71ed64381535a24991d8b6) Importer(815301076,1909f56bfc062723c751e8b465ee728b)
Start importing Assets/AssetsStore/R1_DungeonTraps/Trap/Prefab/Pf_HammerTrap.prefab using Guid(f72a59c09a71ed64381535a24991d8b6) Importer(815301076,1909f56bfc062723c751e8b465ee728b)  -> (artifact id: '885f0c3ea4babdbfe1785392d6d85028') in 0.025764 seconds
  Import took 0.028778 seconds .

========================================================================
Received Import Request.
  Time since last request: 0.000230 seconds.
  path: Assets/AssetsStore/R1_DungeonTraps/Trap/Prefab/Pf_Trap_Cutter.prefab
  artifactKey: Guid(28ad6bc8a17e7284d884987726cf5100) Importer(815301076,1909f56bfc062723c751e8b465ee728b)
Start importing Assets/AssetsStore/R1_DungeonTraps/Trap/Prefab/Pf_Trap_Cutter.prefab using Guid(28ad6bc8a17e7284d884987726cf5100) Importer(815301076,1909f56bfc062723c751e8b465ee728b)  -> (artifact id: '6cf36c469e9a95dfc1f8e101a22d8fe9') in 0.021638 seconds
  Import took 0.024655 seconds .

========================================================================
Received Import Request.
  Time since last request: 0.000234 seconds.
  path: Assets/AssetsStore/R1_DungeonTraps/Trap/Prefab/Pf_Trap_hole.prefab
  artifactKey: Guid(bc6afd6eb5c743445b526282d1079280) Importer(815301076,1909f56bfc062723c751e8b465ee728b)
Start importing Assets/AssetsStore/R1_DungeonTraps/Trap/Prefab/Pf_Trap_hole.prefab using Guid(bc6afd6eb5c743445b526282d1079280) Importer(815301076,1909f56bfc062723c751e8b465ee728b)  -> (artifact id: 'ec37be92a2a0d87e3a62734d2607ef98') in 0.015735 seconds
  Import took 0.018823 seconds .

========================================================================
Received Import Request.
  Time since last request: 34.272169 seconds.
  path: Assets/Scenes/Round2.unity
  artifactKey: Guid(7f01ee2d03d39884dafdbd7e0e307e97) Importer(815301076,1909f56bfc062723c751e8b465ee728b)
Start importing Assets/Scenes/Round2.unity using Guid(7f01ee2d03d39884dafdbd7e0e307e97) Importer(815301076,1909f56bfc062723c751e8b465ee728b)  -> (artifact id: '109c1364336d735b615359657f18a21f') in 0.025558 seconds
  Import took 0.029810 seconds .

========================================================================
Received Import Request.
  Time since last request: 4.789861 seconds.
  path: Assets/AssetsStore/R1_DungeonTraps/Trap/Materials/Tex_DungeonTrap.mat
  artifactKey: Guid(c31938330139d2d42876f7993371276c) Importer(815301076,1909f56bfc062723c751e8b465ee728b)
Start importing Assets/AssetsStore/R1_DungeonTraps/Trap/Materials/Tex_DungeonTrap.mat using Guid(c31938330139d2d42876f7993371276c) Importer(815301076,1909f56bfc062723c751e8b465ee728b)  -> (artifact id: '69073d44c8b48b14a1632c98b2f16194') in 0.347860 seconds
  Import took 0.351929 seconds .

========================================================================
Received Import Request.
  Time since last request: 0.000468 seconds.
  path: Assets/AssetsStore/R1_DungeonTraps/Trap/Materials/Tex_Trap03.mat
  artifactKey: Guid(e21ae71b25a94824c9b7d31722c1328d) Importer(815301076,1909f56bfc062723c751e8b465ee728b)
Start importing Assets/AssetsStore/R1_DungeonTraps/Trap/Materials/Tex_Trap03.mat using Guid(e21ae71b25a94824c9b7d31722c1328d) Importer(815301076,1909f56bfc062723c751e8b465ee728b)  -> (artifact id: 'e4cb3e7a741c28ed99d20fcbb074529c') in 0.015883 seconds
  Import took 0.019536 seconds .

========================================================================
Received Import Request.
  Time since last request: 0.000442 seconds.
  path: Assets/AssetsStore/R1_DungeonTraps/Trap/Materials/Tex_Trap02.mat
  artifactKey: Guid(0bf6b0d31cf73b8479090d219f8b9da1) Importer(815301076,1909f56bfc062723c751e8b465ee728b)
Start importing Assets/AssetsStore/R1_DungeonTraps/Trap/Materials/Tex_Trap02.mat using Guid(0bf6b0d31cf73b8479090d219f8b9da1) Importer(815301076,1909f56bfc062723c751e8b465ee728b)  -> (artifact id: '543b1943a7404eb7fd60e1d1a70f7975') in 0.016237 seconds
  Import took 0.020405 seconds .

========================================================================
Received Import Request.
  Time since last request: 0.000966 seconds.
  path: Assets/AssetsStore/R1_DungeonTraps/Trap/Materials/Tex_Trap01.mat
  artifactKey: Guid(f002e63151d71af4680557e0edddceef) Importer(815301076,1909f56bfc062723c751e8b465ee728b)
Start importing Assets/AssetsStore/R1_DungeonTraps/Trap/Materials/Tex_Trap01.mat using Guid(f002e63151d71af4680557e0edddceef) Importer(815301076,1909f56bfc062723c751e8b465ee728b)  -> (artifact id: '6b5b4d88800196f749e59c286ac58370') in 0.025086 seconds
  Import took 0.029494 seconds .

========================================================================
Received Import Request.
  Time since last request: 0.003307 seconds.
  path: Assets/AssetsStore/R1_DungeonTraps/Trap/Materials/Tex_Trap01.mat
  artifactKey: Guid(f002e63151d71af4680557e0edddceef) Importer(815301076,1909f56bfc062723c751e8b465ee728b)
Start importing Assets/AssetsStore/R1_DungeonTraps/Trap/Materials/Tex_Trap01.mat using Guid(f002e63151d71af4680557e0edddceef) Importer(815301076,1909f56bfc062723c751e8b465ee728b)  -> (artifact id: '6b5b4d88800196f749e59c286ac58370') in 0.021577 seconds
  Import took 0.025157 seconds .

