Using pre-set license
Built from '2020.3/staging' branch; Version is '2020.3.8f1 (507919d4fff5) revision 5273881'; Using compiler version '192528614'; Build Type 'Release'
OS: 'Windows 10 Enterprise; OS build 18363.2037; Version 1909; 64bit' Language: 'ko' Physical Memory: 8144 MB
BatchMode: 1, IsHumanControllingUs: 0, StartBugReporterOnCrash: 0, Is64bit: 1, IsPro: 0

 COMMAND LINE ARGUMENTS:
D:\unity\Editor\Unity.exe
-adb2
-batchMode
-noUpm
-name
AssetImportWorker0
-projectPath
C:/Users/홍범선/Documents/GitHub/Remaster_Unity3D_RunningGame
-logFile
Logs/AssetImportWorker0.log
-srvPort
64396
Successfully changed project path to: C:/Users/홍범선/Documents/GitHub/Remaster_Unity3D_RunningGame
C:/Users/홍범선/Documents/GitHub/Remaster_Unity3D_RunningGame
Using Asset Import Pipeline V2.
Refreshing native plugins compatible for Editor in 53.61 ms, found 0 plugins.
Preloading 0 native plugins for Editor in 0.00 ms.
Initialize engine version: 2020.3.8f1 (507919d4fff5)
[Subsystems] Discovering subsystems at path D:/unity/Editor/Data/Resources/UnitySubsystems
[Subsystems] Discovering subsystems at path C:/Users/홍범선/Documents/GitHub/Remaster_Unity3D_RunningGame/Assets
GfxDevice: creating device client; threaded=0
Direct3D:
    Version:  Direct3D 11.0 [level 11.0]
    Renderer: NVIDIA GeForce GTX 750 Ti (ID=0x1380)
    Vendor:   
    VRAM:     2007 MB
    Driver:   27.21.14.5730
Initialize mono
Mono path[0] = 'D:/unity/Editor/Data/Managed'
Mono path[1] = 'D:/unity/Editor/Data/MonoBleedingEdge/lib/mono/unityjit'
Mono config path = 'D:/unity/Editor/Data/MonoBleedingEdge/etc'
Using monoOptions --debugger-agent=transport=dt_socket,embedding=1,server=y,suspend=n,address=127.0.0.1:56204
Begin MonoManager ReloadAssembly
Registering precompiled unity dll's ...
Register platform support module: D:/unity/Editor/Data/PlaybackEngines/WindowsStandaloneSupport/UnityEditor.WindowsStandalone.Extensions.dll
Registered in 0.001670 seconds.
Native extension for WindowsStandalone target not found
Refreshing native plugins compatible for Editor in 46.00 ms, found 0 plugins.
Preloading 0 native plugins for Editor in 0.00 ms.
Mono: successfully reloaded assembly
- Completed reload, in  1.414 seconds
Platform modules already initialized, skipping
Registering precompiled user dll's ...
Registered in 0.002417 seconds.
Begin MonoManager ReloadAssembly
Native extension for WindowsStandalone target not found
Refreshing native plugins compatible for Editor in 78.85 ms, found 0 plugins.
Preloading 0 native plugins for Editor in 0.00 ms.
Mono: successfully reloaded assembly
- Completed reload, in  1.367 seconds
Platform modules already initialized, skipping
========================================================================
Worker process is ready to serve import requests
Launched and connected shader compiler UnityShaderCompiler.exe after 0.09 seconds
Refreshing native plugins compatible for Editor in 0.53 ms, found 0 plugins.
Preloading 0 native plugins for Editor in 0.00 ms.
Unloading 1223 Unused Serialized files (Serialized files now loaded: 0)
System memory in use before: 109.2 MB.
System memory in use after: 109.2 MB.

Unloading 9 unused Assets to reduce memory usage. Loaded Objects now: 1711.
Total: 3.563700 ms (FindLiveObjects: 0.160300 ms CreateObjectMapping: 0.049500 ms MarkObjects: 2.940000 ms  DeleteObjects: 0.412100 ms)

========================================================================
Received Import Request.
  path: Assets/AssetsStore/R1_ADG_Textures/ground_vol1/ground6/NewLayer 2.terrainlayer
  artifactKey: Guid(8889e19e68491714fa584b77685d876f) Importer(815301076,1909f56bfc062723c751e8b465ee728b)
Start importing Assets/AssetsStore/R1_ADG_Textures/ground_vol1/ground6/NewLayer 2.terrainlayer using Guid(8889e19e68491714fa584b77685d876f) Importer(815301076,1909f56bfc062723c751e8b465ee728b)  -> (artifact id: 'a8b94dac8a1d1a8958b91457b75ad14b') in 0.326843 seconds
  Import took 0.340178 seconds .

========================================================================
Received Import Request.
  Time since last request: 0.000448 seconds.
  path: Assets/Materials/WoodLog
  artifactKey: Guid(51150520946437443bdc59f11860bb3c) Importer(815301076,1909f56bfc062723c751e8b465ee728b)
Start importing Assets/Materials/WoodLog using Guid(51150520946437443bdc59f11860bb3c) Importer(815301076,1909f56bfc062723c751e8b465ee728b)  -> (artifact id: 'fa9f15c97435af1da2a3d6335b5530ac') in 0.007220 seconds
  Import took 0.011134 seconds .

========================================================================
Received Import Request.
  Time since last request: 0.000281 seconds.
  path: Assets/Scenes/NewLayer 4.terrainlayer
  artifactKey: Guid(7bafce48f900a2140a4508a281f11746) Importer(815301076,1909f56bfc062723c751e8b465ee728b)
Start importing Assets/Scenes/NewLayer 4.terrainlayer using Guid(7bafce48f900a2140a4508a281f11746) Importer(815301076,1909f56bfc062723c751e8b465ee728b)  -> (artifact id: '9f5a6f534c44c5cbaaff2d6e0d6229a0') in 0.018387 seconds
  Import took 0.021417 seconds .

========================================================================
Received Import Request.
  Time since last request: 0.000324 seconds.
  path: Assets/New Terrain.asset
  artifactKey: Guid(a4fd5a3dcfab10846aaf9276c386c18a) Importer(815301076,1909f56bfc062723c751e8b465ee728b)
Start importing Assets/New Terrain.asset using Guid(a4fd5a3dcfab10846aaf9276c386c18a) Importer(815301076,1909f56bfc062723c751e8b465ee728b)  -> (artifact id: '904c516f235b2c72cecadb28e4e7466f') in 0.063964 seconds
  Import took 0.076425 seconds .

========================================================================
Received Import Request.
  Time since last request: 0.000261 seconds.
  path: Assets/AssetsStore/R1_Conifers [BOTD]/Render Pipeline Support/Built-in RP/CTI Runtime Components/PF CTI Windzone.prefab
  artifactKey: Guid(eaf383cb55cf38f448529df28e28abba) Importer(815301076,1909f56bfc062723c751e8b465ee728b)
Start importing Assets/AssetsStore/R1_Conifers [BOTD]/Render Pipeline Support/Built-in RP/CTI Runtime Components/PF CTI Windzone.prefab using Guid(eaf383cb55cf38f448529df28e28abba) Importer(815301076,1909f56bfc062723c751e8b465ee728b)  -> (artifact id: '2cd5a19dccf4a4ad166e1f42ef6970c4') in 0.031416 seconds
  Import took 0.035104 seconds .

========================================================================
Received Import Request.
  Time since last request: 0.000358 seconds.
  path: Assets/Materials/WoodLog/Scene/PostEffectWood.asset
  artifactKey: Guid(e09dfd28031ec0f4a8a6d274ab15aa3e) Importer(815301076,1909f56bfc062723c751e8b465ee728b)
Start importing Assets/Materials/WoodLog/Scene/PostEffectWood.asset using Guid(e09dfd28031ec0f4a8a6d274ab15aa3e) Importer(815301076,1909f56bfc062723c751e8b465ee728b)  -> (artifact id: '8115662850999bff10b0ab2c25367d3f') in 0.010458 seconds
  Import took 0.013605 seconds .

========================================================================
Received Import Request.
  Time since last request: 9.854306 seconds.
  path: Assets/SwampBridge4k/swamp-bridge-4k-ready_2016.fbx
  artifactKey: Guid(ed899fe25319dc24480dad214abd0444) Importer(815301076,1909f56bfc062723c751e8b465ee728b)
Start importing Assets/SwampBridge4k/swamp-bridge-4k-ready_2016.fbx using Guid(ed899fe25319dc24480dad214abd0444) Importer(815301076,1909f56bfc062723c751e8b465ee728b)  -> (artifact id: 'af788d0b2f6ced8c76c3f1d830d5d23d') in 0.477808 seconds
  Import took 0.484806 seconds .

========================================================================
Received Import Request.
  Time since last request: 3.777077 seconds.
  path: Assets/SwampBridge4k/swamp-bridge-4k-ready_2016.fbm
  artifactKey: Guid(056a8e8209b420346a7c2d604fe2cded) Importer(815301076,1909f56bfc062723c751e8b465ee728b)
Start importing Assets/SwampBridge4k/swamp-bridge-4k-ready_2016.fbm using Guid(056a8e8209b420346a7c2d604fe2cded) Importer(815301076,1909f56bfc062723c751e8b465ee728b)  -> (artifact id: '5b9738030eb79d31a9fee01da48b70de') in 0.009996 seconds
  Import took 0.014592 seconds .

========================================================================
Received Import Request.
  Time since last request: 0.468587 seconds.
  path: Assets/SwampBridge4k/Materials
  artifactKey: Guid(d72b7dfa9c46295438db783fb138fce7) Importer(815301076,1909f56bfc062723c751e8b465ee728b)
Start importing Assets/SwampBridge4k/Materials using Guid(d72b7dfa9c46295438db783fb138fce7) Importer(815301076,1909f56bfc062723c751e8b465ee728b)  -> (artifact id: '5776ae5540e8270c8911f81118627e31') in 0.007533 seconds
  Import took 0.010664 seconds .

========================================================================
Received Import Request.
  Time since last request: 14.858050 seconds.
  path: Assets/Materials/WoodLog/Scene
  artifactKey: Guid(0f6a487e95c82e84a9c29a5f22cf3067) Importer(815301076,1909f56bfc062723c751e8b465ee728b)
Start importing Assets/Materials/WoodLog/Scene using Guid(0f6a487e95c82e84a9c29a5f22cf3067) Importer(815301076,1909f56bfc062723c751e8b465ee728b)  -> (artifact id: '7b2ebc5abfe75ecc01604701c216d55f') in 0.005882 seconds
  Import took 0.009482 seconds .

========================================================================
Received Import Request.
  Time since last request: 0.039524 seconds.
  path: Assets/Materials/WoodLog/Scene/Sky1.mat
  artifactKey: Guid(55e2bd5103b0fb4448bec460c72b2fd1) Importer(815301076,1909f56bfc062723c751e8b465ee728b)
Start importing Assets/Materials/WoodLog/Scene/Sky1.mat using Guid(55e2bd5103b0fb4448bec460c72b2fd1) Importer(815301076,1909f56bfc062723c751e8b465ee728b)  -> (artifact id: 'b76886c233a639464ab711da6cdcf782') in 0.448590 seconds
  Import took 0.452583 seconds .

========================================================================
Received Import Request.
  Time since last request: 6.666346 seconds.
  path: Assets/Materials/Color/Blue.mat
  artifactKey: Guid(2b444a2de0b04c447aef69e906e04db5) Importer(815301076,1909f56bfc062723c751e8b465ee728b)
Start importing Assets/Materials/Color/Blue.mat using Guid(2b444a2de0b04c447aef69e906e04db5) Importer(815301076,1909f56bfc062723c751e8b465ee728b)  -> (artifact id: '28d837d6170bb1788f0380ae663e60d7') in 0.036024 seconds
  Import took 0.039496 seconds .

========================================================================
Received Import Request.
  Time since last request: 0.000411 seconds.
  path: Assets/Materials/Color/DarkBlue.mat
  artifactKey: Guid(f75ba9a29d7493f4d9738679fc6b89b4) Importer(815301076,1909f56bfc062723c751e8b465ee728b)
Start importing Assets/Materials/Color/DarkBlue.mat using Guid(f75ba9a29d7493f4d9738679fc6b89b4) Importer(815301076,1909f56bfc062723c751e8b465ee728b)  -> (artifact id: '6e898a4ab87a5f8a14503aae42f04a47') in 0.022125 seconds
  Import took 0.027009 seconds .

========================================================================
Received Import Request.
  Time since last request: 0.000347 seconds.
  path: Assets/Materials/Color/GB.mat
  artifactKey: Guid(bf3a4d850fd71ac48a353e7e39c5a4f1) Importer(815301076,1909f56bfc062723c751e8b465ee728b)
Start importing Assets/Materials/Color/GB.mat using Guid(bf3a4d850fd71ac48a353e7e39c5a4f1) Importer(815301076,1909f56bfc062723c751e8b465ee728b)  -> (artifact id: '7d5d291d13acbc5eee9a7cdc3f0abebf') in 0.027220 seconds
  Import took 0.031205 seconds .

========================================================================
Received Import Request.
  Time since last request: 0.000424 seconds.
  path: Assets/Materials/Color/Purple.mat
  artifactKey: Guid(185497368d7fc14458042f91143dc30c) Importer(815301076,1909f56bfc062723c751e8b465ee728b)
Start importing Assets/Materials/Color/Purple.mat using Guid(185497368d7fc14458042f91143dc30c) Importer(815301076,1909f56bfc062723c751e8b465ee728b)  -> (artifact id: '847cfe518fd0bafa588e107da5f680fa') in 0.028831 seconds
  Import took 0.032841 seconds .

========================================================================
Received Import Request.
  Time since last request: 0.000451 seconds.
  path: Assets/Materials/Color/Orange.mat
  artifactKey: Guid(6d74a8f301c4c0d42bfaf606121192f7) Importer(815301076,1909f56bfc062723c751e8b465ee728b)
Start importing Assets/Materials/Color/Orange.mat using Guid(6d74a8f301c4c0d42bfaf606121192f7) Importer(815301076,1909f56bfc062723c751e8b465ee728b)  -> (artifact id: '21001bcf7869457a023ed72dd6b8ac17') in 0.021545 seconds
  Import took 0.025847 seconds .

========================================================================
Received Import Request.
  Time since last request: 0.000275 seconds.
  path: Assets/Materials/Color/Green.mat
  artifactKey: Guid(0f50fac8c44b7fe45b0f2009ea09f4bc) Importer(815301076,1909f56bfc062723c751e8b465ee728b)
Start importing Assets/Materials/Color/Green.mat using Guid(0f50fac8c44b7fe45b0f2009ea09f4bc) Importer(815301076,1909f56bfc062723c751e8b465ee728b)  -> (artifact id: 'f7091d51da109e14312de130e5b47616') in 0.017198 seconds
  Import took 0.020670 seconds .

========================================================================
Received Import Request.
  Time since last request: 0.000382 seconds.
  path: Assets/Materials/Color/Red.mat
  artifactKey: Guid(294fe9fb688dd034f95012942833a0d4) Importer(815301076,1909f56bfc062723c751e8b465ee728b)
Start importing Assets/Materials/Color/Red.mat using Guid(294fe9fb688dd034f95012942833a0d4) Importer(815301076,1909f56bfc062723c751e8b465ee728b)  -> (artifact id: '345d05e4e75cd8a508710661b50188ac') in 0.018090 seconds
  Import took 0.021431 seconds .

========================================================================
Received Import Request.
  Time since last request: 0.000272 seconds.
  path: Assets/Materials/Color/Yellow.mat
  artifactKey: Guid(e064d33021816784aab212112cec08de) Importer(815301076,1909f56bfc062723c751e8b465ee728b)
Start importing Assets/Materials/Color/Yellow.mat using Guid(e064d33021816784aab212112cec08de) Importer(815301076,1909f56bfc062723c751e8b465ee728b)  -> (artifact id: 'b6f119428428cdb76addf5537db54260') in 0.016986 seconds
  Import took 0.020665 seconds .

